{"/Users/zhuqingyuan/Documents/practice/Demos/react-test-demo/src/App.tsx": {"path":"/Users/zhuqingyuan/Documents/practice/Demos/react-test-demo/src/App.tsx","statementMap":{"0":{"start":{"line":7,"column":28},"end":{"line":7,"column":39}},"1":{"start":{"line":9,"column":2},"end":{"line":35,"column":3}},"2":{"start":{"line":24,"column":31},"end":{"line":24,"column":61}},"3":{"start":{"line":24,"column":51},"end":{"line":24,"column":60}}},"fnMap":{"0":{"name":"App","decl":{"start":{"line":6,"column":9},"end":{"line":6,"column":12}},"loc":{"start":{"line":6,"column":15},"end":{"line":36,"column":1}},"line":6},"1":{"name":"(anonymous_1)","decl":{"start":{"line":24,"column":25},"end":{"line":24,"column":26}},"loc":{"start":{"line":24,"column":31},"end":{"line":24,"column":61}},"line":24},"2":{"name":"(anonymous_2)","decl":{"start":{"line":24,"column":40},"end":{"line":24,"column":41}},"loc":{"start":{"line":24,"column":51},"end":{"line":24,"column":60}},"line":24}},"branchMap":{},"s":{"0":1,"1":1,"2":0,"3":0},"f":{"0":1,"1":0,"2":0},"b":{},"_coverageSchema":"1a1c01bbd47fc00a2c39e90264f33305004495a9","hash":"c89a3d5584da2b811173f0a27fc71de6727b1d0a"}
,"/Users/zhuqingyuan/Documents/practice/Demos/react-test-demo/src/main.tsx": {"path":"/Users/zhuqingyuan/Documents/practice/Demos/react-test-demo/src/main.tsx","statementMap":{"0":{"start":{"line":6,"column":0},"end":{"line":10,"column":1}}},"fnMap":{},"branchMap":{},"s":{"0":0},"f":{},"b":{}}
}
